[0m22:25:02.528237 [debug] [MainThread]: Sending event: {'category': 'dbt', 'action': 'invocation', 'label': 'start', 'context': [<snowplow_tracker.self_describing_json.SelfDescribingJson object at 0x7ff238f1d010>, <snowplow_tracker.self_describing_json.SelfDescribingJson object at 0x7ff23a11c910>, <snowplow_tracker.self_describing_json.SelfDescribingJson object at 0x7ff23821bc50>]}


============================== 22:25:02.532376 | ff513e50-0ec8-4b37-ae13-7461083472c4 ==============================
[0m22:25:02.532376 [info ] [MainThread]: Running with dbt=1.9.2
[0m22:25:02.533257 [debug] [MainThread]: running dbt with arguments {'printer_width': '80', 'indirect_selection': 'eager', 'log_cache_events': 'False', 'write_json': 'True', 'partial_parse': 'True', 'cache_selected_only': 'False', 'warn_error': 'None', 'version_check': 'True', 'fail_fast': 'False', 'log_path': 'logs', 'debug': 'False', 'profiles_dir': '/home/karol/.dbt', 'use_colors': 'True', 'use_experimental_parser': 'False', 'empty': 'None', 'quiet': 'False', 'no_print': 'None', 'warn_error_options': 'WarnErrorOptions(include=[], exclude=[])', 'introspect': 'True', 'invocation_command': 'dbt init', 'static_parser': 'True', 'target_path': 'None', 'log_format': 'default', 'send_anonymous_usage_stats': 'True'}
[0m22:25:02.618729 [warn ] [MainThread]: [ConfigFolderDirectory]: Unable to parse logging event dictionary. Failed to parse dir field: expected string or bytes-like object, got 'PosixPath'.. Dictionary: {'dir': PosixPath('/home/karol/.dbt')}
[0m22:25:02.619359 [info ] [MainThread]: Creating dbt configuration folder at 
[0m22:25:33.232133 [debug] [MainThread]: Starter project path: /home/karol/dev/karolsudol/super-vault/.venv/lib/python3.13/site-packages/dbt/include/starter_project
[0m22:25:33.289210 [info ] [MainThread]: 
Your new dbt project "super_vault" was created!

For more information on how to configure the profiles.yml file,
please consult the dbt documentation here:

  https://docs.getdbt.com/docs/configure-your-profile

One more thing:

Need help? Don't hesitate to reach out to us via GitHub issues or on Slack:

  https://community.getdbt.com/

Happy modeling!

[0m22:25:33.290690 [info ] [MainThread]: Setting up your profile.
[0m22:25:38.864910 [info ] [MainThread]: No sample profile found for clickhouse.
[0m22:25:38.872689 [debug] [MainThread]: Resource report: {"command_name": "init", "command_success": true, "command_wall_clock_time": 36.437366, "process_in_blocks": "0", "process_kernel_time": 0.28077, "process_mem_max_rss": "100600", "process_out_blocks": "0", "process_user_time": 2.109774}
[0m22:25:38.873686 [debug] [MainThread]: Command `dbt init` succeeded at 22:25:38.873474 after 36.44 seconds
[0m22:25:38.874896 [debug] [MainThread]: Sending event: {'category': 'dbt', 'action': 'invocation', 'label': 'end', 'context': [<snowplow_tracker.self_describing_json.SelfDescribingJson object at 0x7ff238184b00>, <snowplow_tracker.self_describing_json.SelfDescribingJson object at 0x7ff238143bf0>, <snowplow_tracker.self_describing_json.SelfDescribingJson object at 0x7ff2382e1f20>]}
[0m22:25:38.876235 [debug] [MainThread]: Flushing usage events
[0m22:25:40.189153 [debug] [MainThread]: An error was encountered while trying to flush usage events
